[00:20:40]  pyseqrna_utils :: INFO : Reading input samples File 
[00:20:40]  pyseqrna_utils :: INFO : Reading input samples File 
[00:20:40]  pyseqrna_utils :: INFO : Reading input samples File 
[00:20:40]  pyseqrna_utils :: INFO : Input file pyseqrna/example/input_Sample_PE.txt read succesfully
[00:20:40]  pyseqrna_utils :: INFO : Input file pyseqrna/example/input_Sample_PE.txt read succesfully
[00:20:40]  pyseqrna_utils :: INFO : Input file pyseqrna/example/input_Sample_PE.txt read succesfully
[00:20:40]  pyseqrna_utils :: INFO : Combination created succesfully from pyseqrna/example/input_Sample_PE.txt
[00:20:40]  pyseqrna_utils :: INFO : Combination created succesfully from pyseqrna/example/input_Sample_PE.txt
[00:20:40]  pyseqrna_utils :: INFO : Combination created succesfully from pyseqrna/example/input_Sample_PE.txt
[00:20:40]  pyseqrna_utils :: INFO : targets dataframe fro differenatial created succesfully from pyseqrna/example/input_Sample_PE.txt
[00:20:40]  pyseqrna_utils :: INFO : targets dataframe fro differenatial created succesfully from pyseqrna/example/input_Sample_PE.txt
[00:20:40]  pyseqrna_utils :: INFO : targets dataframe fro differenatial created succesfully from pyseqrna/example/input_Sample_PE.txt
[00:22:46]  pyseqrna_utils :: INFO : Reading input samples File 
[00:22:46]  pyseqrna_utils :: INFO : Reading input samples File 
[00:22:46]  pyseqrna_utils :: INFO : Reading input samples File 
[00:22:46]  pyseqrna_utils :: INFO : Input file pyseqrna/example/input_Sample_PE.txt read succesfully
[00:22:46]  pyseqrna_utils :: INFO : Input file pyseqrna/example/input_Sample_PE.txt read succesfully
[00:22:46]  pyseqrna_utils :: INFO : Input file pyseqrna/example/input_Sample_PE.txt read succesfully
[00:22:46]  pyseqrna_utils :: INFO : Combination created succesfully from pyseqrna/example/input_Sample_PE.txt
[00:22:46]  pyseqrna_utils :: INFO : Combination created succesfully from pyseqrna/example/input_Sample_PE.txt
[00:22:46]  pyseqrna_utils :: INFO : Combination created succesfully from pyseqrna/example/input_Sample_PE.txt
[00:22:46]  pyseqrna_utils :: INFO : targets dataframe fro differenatial created succesfully from pyseqrna/example/input_Sample_PE.txt
[00:22:46]  pyseqrna_utils :: INFO : targets dataframe fro differenatial created succesfully from pyseqrna/example/input_Sample_PE.txt
[00:22:46]  pyseqrna_utils :: INFO : targets dataframe fro differenatial created succesfully from pyseqrna/example/input_Sample_PE.txt
[00:22:52]  pyseqrna_utils :: INFO : Config generated succesfully from /home/nav/Documents/Projects/pyseqrna/pyseqrna/param/flexbar.ini
[00:22:52]  pyseqrna_utils :: INFO : Config generated succesfully from /home/nav/Documents/Projects/pyseqrna/pyseqrna/param/flexbar.ini
[00:22:52]  pyseqrna_utils :: INFO : Config generated succesfully from /home/nav/Documents/Projects/pyseqrna/pyseqrna/param/flexbar.ini
[00:22:52]  quality_trimming :: INFO : Using default config file flexbar.ini
[00:22:52]  quality_trimming :: INFO : Using default config file flexbar.ini
[00:22:52]  quality_trimming :: INFO : Using default config file flexbar.ini
[00:22:52]  pyseqrna_utils :: INFO : pySeqRNA results will be present in /home/nav/Documents/Projects/pyseqrna/flexbar_results.7
[00:22:52]  pyseqrna_utils :: INFO : pySeqRNA results will be present in /home/nav/Documents/Projects/pyseqrna/flexbar_results.7
[00:22:52]  pyseqrna_utils :: INFO : pySeqRNA results will be present in /home/nav/Documents/Projects/pyseqrna/flexbar_results.7
[00:22:52]  pyseqrna_utils :: WARNING : number of threads changed to available 3
[00:22:52]  pyseqrna_utils :: WARNING : number of threads changed to available 3
[00:22:52]  pyseqrna_utils :: WARNING : number of threads changed to available 3
[00:22:52]  quality_trimming :: ERROR : flexbar command not found in path
[00:22:52]  quality_trimming :: ERROR : flexbar command not found in path
[00:22:52]  quality_trimming :: ERROR : flexbar command not found in path
[00:25:57]  pyseqrna_utils :: INFO : Reading input samples File 
[00:25:57]  pyseqrna_utils :: INFO : Input file pyseqrna/example/input_Sample_PE.txt read succesfully
[00:25:57]  pyseqrna_utils :: INFO : Combination created succesfully from pyseqrna/example/input_Sample_PE.txt
[00:25:57]  pyseqrna_utils :: INFO : targets dataframe fro differenatial created succesfully from pyseqrna/example/input_Sample_PE.txt
[00:26:02]  pyseqrna_utils :: INFO : Config generated succesfully from /home/nav/Documents/Projects/pyseqrna/pyseqrna/param/flexbar.ini
[00:26:02]  quality_trimming :: INFO : Using default config file flexbar.ini
[00:26:02]  pyseqrna_utils :: INFO : pySeqRNA results will be present in /home/nav/Documents/Projects/pyseqrna/flexbar_results.8
[00:26:02]  pyseqrna_utils :: WARNING : number of threads changed to available 3
[00:26:02]  quality_trimming :: ERROR : flexbar command not found in path
[00:27:14]  pyseqrna_utils :: INFO : Reading input samples File 
[00:27:14]  pyseqrna_utils :: INFO : Input file pyseqrna/example/input_Sample_PE.txt read succesfully
[00:27:14]  pyseqrna_utils :: INFO : Combination created succesfully from pyseqrna/example/input_Sample_PE.txt
[00:27:14]  pyseqrna_utils :: INFO : targets dataframe fro differenatial created succesfully from pyseqrna/example/input_Sample_PE.txt
[00:27:14]  quality_trimming :: INFO : Using default config file flexbar.ini
[00:27:14]  pyseqrna_utils :: INFO : Config generated succesfully from /home/nav/Documents/Projects/pyseqrna/pyseqrna/param/flexbar.ini
[00:27:14]  pyseqrna_utils :: INFO : pySeqRNA results will be present in /home/nav/Documents/Projects/pyseqrna/flexbar_results.9
[00:27:14]  pyseqrna_utils :: WARNING : number of threads changed to available 3
[00:27:14]  quality_trimming :: ERROR : flexbar command not found in path
[00:46:07]  pyseqrna_utils :: INFO : Reading input samloges File 
[00:46:07]  pyseqrna_utils :: ERROR : logease provide a valid input file
[00:46:07]  pyseqrna_utils :: INFO : Input file pyseqrna/example/input_Sample_PE.txt read succesfully
[00:47:00]  pyseqrna_utils :: INFO : Reading input samples File 
[00:47:00]  pyseqrna_utils :: INFO : Input file pyseqrna/example/input_Sample_PE.txt read succesfully
[00:47:00]  pyseqrna_utils :: INFO : Combination created succesfully from pyseqrna/example/input_Sample_PE.txt
[00:47:00]  pyseqrna_utils :: INFO : targets dataframe fro differenatial created succesfully from pyseqrna/example/input_Sample_PE.txt
[00:47:48]  pyseqrna_utils :: INFO : Reading input samples File 
[00:47:48]  pyseqrna_utils :: INFO : Input file pyseqrna/example/input_Sample_PE.txt read succesfully
[00:47:48]  pyseqrna_utils :: INFO : Combination created succesfully from pyseqrna/example/input_Sample_PE.txt
[00:47:48]  pyseqrna_utils :: INFO : targets dataframe fro differenatial created succesfully from pyseqrna/example/input_Sample_PE.txt
[00:47:54]  quality_trimming :: INFO : Using default config file flexbar.ini
[00:47:54]  pyseqrna_utils :: INFO : Config generated succesfully from /home/nav/Documents/Projects/pyseqrna/pyseqrna/param/flexbar.ini
[00:47:54]  pyseqrna_utils :: INFO : pySeqRNA results will be present in /home/nav/Documents/Projects/pyseqrna/flexbar_results.10
[00:47:54]  pyseqrna_utils :: WARNING : number of threads changed to available 3
[00:47:54]  quality_trimming :: ERROR : flexbar command not found in path
